TN:
SF:App.js
FN:17,(anonymous_0)
FN:20,(anonymous_1)
FN:23,App
FN:41,(anonymous_3)
FN:55,(anonymous_4)
FN:85,(anonymous_5)
FN:93,(anonymous_6)
FN:119,(anonymous_7)
FN:158,(anonymous_8)
FN:185,(anonymous_9)
FN:188,(anonymous_10)
FN:204,(anonymous_11)
FN:242,(anonymous_12)
FN:279,(anonymous_13)
FN:318,(anonymous_14)
FN:343,(anonymous_15)
FN:394,(anonymous_16)
FNF:17
FNH:2
FNDA:1,(anonymous_0)
FNDA:1,(anonymous_1)
FNDA:0,App
FNDA:0,(anonymous_3)
FNDA:0,(anonymous_4)
FNDA:0,(anonymous_5)
FNDA:0,(anonymous_6)
FNDA:0,(anonymous_7)
FNDA:0,(anonymous_8)
FNDA:0,(anonymous_9)
FNDA:0,(anonymous_10)
FNDA:0,(anonymous_11)
FNDA:0,(anonymous_12)
FNDA:0,(anonymous_13)
FNDA:0,(anonymous_14)
FNDA:0,(anonymous_15)
FNDA:0,(anonymous_16)
DA:17,2
DA:18,1
DA:20,2
DA:21,1
DA:24,0
DA:25,0
DA:26,0
DA:27,0
DA:28,0
DA:29,0
DA:31,0
DA:32,0
DA:34,0
DA:39,0
DA:41,0
DA:42,0
DA:43,0
DA:44,0
DA:45,0
DA:46,0
DA:47,0
DA:48,0
DA:51,0
DA:55,0
DA:56,0
DA:57,0
DA:59,0
DA:60,0
DA:61,0
DA:62,0
DA:64,0
DA:85,0
DA:86,0
DA:87,0
DA:88,0
DA:89,0
DA:90,0
DA:93,0
DA:99,0
DA:112,0
DA:119,0
DA:120,0
DA:158,0
DA:159,0
DA:185,0
DA:186,0
DA:189,0
DA:204,0
DA:242,0
DA:243,0
DA:279,0
DA:280,0
DA:319,0
DA:320,0
DA:343,0
DA:344,0
DA:395,0
DA:396,0
DA:421,0
DA:457,2
LF:60
LH:5
BRDA:42,0,0,0
BRDA:42,0,1,0
BRDA:47,1,0,0
BRDA:47,1,1,0
BRDA:56,2,0,0
BRDA:56,2,1,0
BRDA:207,3,0,0
BRDA:207,3,1,0
BRDA:208,4,0,0
BRDA:208,4,1,0
BRDA:210,5,0,0
BRDA:210,5,1,0
BRF:12
BRH:0
end_of_record
TN:
SF:QuizData.js
FNF:0
FNH:0
LF:0
LH:0
BRF:0
BRH:0
end_of_record
TN:
SF:Theme.js
FNF:0
FNH:0
DA:3,2
LF:1
LH:1
BRF:0
BRH:0
end_of_record
